Determining if the function sgemm_ exists failed with the following output:
Change Dir: /apollo/modules/zed/sample/build/CMakeFiles/CMakeTmp

Run Build Command(s):/bin/make cmTC_18d8e/fast && /bin/make  -f CMakeFiles/cmTC_18d8e.dir/build.make CMakeFiles/cmTC_18d8e.dir/build
make[1]: Entering directory '/apollo/modules/zed/sample/build/CMakeFiles/CMakeTmp'
Building C object CMakeFiles/cmTC_18d8e.dir/CheckFunctionExists.c.o
/bin/cc   -DCHECK_FUNCTION_EXISTS=sgemm_ -o CMakeFiles/cmTC_18d8e.dir/CheckFunctionExists.c.o -c /opt/apollo/sysroot/share/cmake-3.19/Modules/CheckFunctionExists.c
Linking C executable cmTC_18d8e
/opt/apollo/sysroot/bin/cmake -E cmake_link_script CMakeFiles/cmTC_18d8e.dir/link.txt --verbose=1
/bin/cc  -DCHECK_FUNCTION_EXISTS=sgemm_ CMakeFiles/cmTC_18d8e.dir/CheckFunctionExists.c.o -o cmTC_18d8e 
/bin/ld: CMakeFiles/cmTC_18d8e.dir/CheckFunctionExists.c.o: in function `main':
CheckFunctionExists.c:(.text+0x10): undefined reference to `sgemm_'
collect2: error: ld returned 1 exit status
make[1]: *** [CMakeFiles/cmTC_18d8e.dir/build.make:106: cmTC_18d8e] Error 1
make[1]: Leaving directory '/apollo/modules/zed/sample/build/CMakeFiles/CMakeTmp'
make: *** [Makefile:140: cmTC_18d8e/fast] Error 2



Performing C SOURCE FILE Test CMAKE_HAVE_LIBC_PTHREAD failed with the following output:
Change Dir: /apollo/modules/zed/sample/build/CMakeFiles/CMakeTmp

Run Build Command(s):/bin/make cmTC_a2b60/fast && /bin/make  -f CMakeFiles/cmTC_a2b60.dir/build.make CMakeFiles/cmTC_a2b60.dir/build
make[1]: Entering directory '/apollo/modules/zed/sample/build/CMakeFiles/CMakeTmp'
Building C object CMakeFiles/cmTC_a2b60.dir/src.c.o
/bin/cc -DCMAKE_HAVE_LIBC_PTHREAD   -o CMakeFiles/cmTC_a2b60.dir/src.c.o -c /apollo/modules/zed/sample/build/CMakeFiles/CMakeTmp/src.c
Linking C executable cmTC_a2b60
/opt/apollo/sysroot/bin/cmake -E cmake_link_script CMakeFiles/cmTC_a2b60.dir/link.txt --verbose=1
/bin/cc CMakeFiles/cmTC_a2b60.dir/src.c.o -o cmTC_a2b60 
/bin/ld: CMakeFiles/cmTC_a2b60.dir/src.c.o: in function `main':
src.c:(.text+0x48): undefined reference to `pthread_create'
/bin/ld: src.c:(.text+0x50): undefined reference to `pthread_detach'
/bin/ld: src.c:(.text+0x58): undefined reference to `pthread_cancel'
/bin/ld: src.c:(.text+0x64): undefined reference to `pthread_join'
collect2: error: ld returned 1 exit status
make[1]: *** [CMakeFiles/cmTC_a2b60.dir/build.make:106: cmTC_a2b60] Error 1
make[1]: Leaving directory '/apollo/modules/zed/sample/build/CMakeFiles/CMakeTmp'
make: *** [Makefile:140: cmTC_a2b60/fast] Error 2


Source file was:
#include <pthread.h>

static void* test_func(void* data)
{
  return data;
}

int main(void)
{
  pthread_t thread;
  pthread_create(&thread, NULL, test_func, NULL);
  pthread_detach(thread);
  pthread_cancel(thread);
  pthread_join(thread, NULL);
  pthread_atfork(NULL, NULL, NULL);
  pthread_exit(NULL);

  return 0;
}

Determining if the function pthread_create exists in the pthreads failed with the following output:
Change Dir: /apollo/modules/zed/sample/build/CMakeFiles/CMakeTmp

Run Build Command(s):/bin/make cmTC_a8ea2/fast && /bin/make  -f CMakeFiles/cmTC_a8ea2.dir/build.make CMakeFiles/cmTC_a8ea2.dir/build
make[1]: Entering directory '/apollo/modules/zed/sample/build/CMakeFiles/CMakeTmp'
Building C object CMakeFiles/cmTC_a8ea2.dir/CheckFunctionExists.c.o
/bin/cc   -DCHECK_FUNCTION_EXISTS=pthread_create -o CMakeFiles/cmTC_a8ea2.dir/CheckFunctionExists.c.o -c /opt/apollo/sysroot/share/cmake-3.19/Modules/CheckFunctionExists.c
Linking C executable cmTC_a8ea2
/opt/apollo/sysroot/bin/cmake -E cmake_link_script CMakeFiles/cmTC_a8ea2.dir/link.txt --verbose=1
/bin/cc  -DCHECK_FUNCTION_EXISTS=pthread_create CMakeFiles/cmTC_a8ea2.dir/CheckFunctionExists.c.o -o cmTC_a8ea2  -lpthreads 
/bin/ld: cannot find -lpthreads
collect2: error: ld returned 1 exit status
make[1]: *** [CMakeFiles/cmTC_a8ea2.dir/build.make:106: cmTC_a8ea2] Error 1
make[1]: Leaving directory '/apollo/modules/zed/sample/build/CMakeFiles/CMakeTmp'
make: *** [Makefile:140: cmTC_a8ea2/fast] Error 2



